<?xml version="1.0" encoding="UTF-8"?>
<testsuite name="com.slavik.misHorariosApi.MisHorariosApiApplicationTests" tests="1" skipped="0" failures="0" errors="0" timestamp="2022-03-07T15:46:56" hostname="lucas" time="0.241">
  <properties/>
  <testcase name="contextLoads()" classname="com.slavik.misHorariosApi.MisHorariosApiApplicationTests" time="0.241"/>
  <system-out><![CDATA[12:46:47.559 [Test worker] DEBUG org.springframework.test.context.BootstrapUtils - Instantiating CacheAwareContextLoaderDelegate from class [org.springframework.test.context.cache.DefaultCacheAwareContextLoaderDelegate]
12:46:47.586 [Test worker] DEBUG org.springframework.test.context.BootstrapUtils - Instantiating BootstrapContext using constructor [public org.springframework.test.context.support.DefaultBootstrapContext(java.lang.Class,org.springframework.test.context.CacheAwareContextLoaderDelegate)]
12:46:47.664 [Test worker] DEBUG org.springframework.test.context.BootstrapUtils - Instantiating TestContextBootstrapper for test class [com.slavik.misHorariosApi.MisHorariosApiApplicationTests] from class [org.springframework.boot.test.context.SpringBootTestContextBootstrapper]
12:46:47.689 [Test worker] INFO org.springframework.boot.test.context.SpringBootTestContextBootstrapper - Neither @ContextConfiguration nor @ContextHierarchy found for test class [com.slavik.misHorariosApi.MisHorariosApiApplicationTests], using SpringBootContextLoader
12:46:47.699 [Test worker] DEBUG org.springframework.test.context.support.AbstractContextLoader - Did not detect default resource location for test class [com.slavik.misHorariosApi.MisHorariosApiApplicationTests]: class path resource [com/slavik/misHorariosApi/MisHorariosApiApplicationTests-context.xml] does not exist
12:46:47.701 [Test worker] DEBUG org.springframework.test.context.support.AbstractContextLoader - Did not detect default resource location for test class [com.slavik.misHorariosApi.MisHorariosApiApplicationTests]: class path resource [com/slavik/misHorariosApi/MisHorariosApiApplicationTestsContext.groovy] does not exist
12:46:47.704 [Test worker] INFO org.springframework.test.context.support.AbstractContextLoader - Could not detect default resource locations for test class [com.slavik.misHorariosApi.MisHorariosApiApplicationTests]: no resource found for suffixes {-context.xml, Context.groovy}.
12:46:47.707 [Test worker] INFO org.springframework.test.context.support.AnnotationConfigContextLoaderUtils - Could not detect default configuration classes for test class [com.slavik.misHorariosApi.MisHorariosApiApplicationTests]: MisHorariosApiApplicationTests does not declare any static, non-private, non-final, nested classes annotated with @Configuration.
12:46:47.818 [Test worker] DEBUG org.springframework.test.context.support.ActiveProfilesUtils - Could not find an 'annotation declaring class' for annotation type [org.springframework.test.context.ActiveProfiles] and class [com.slavik.misHorariosApi.MisHorariosApiApplicationTests]
12:46:47.956 [Test worker] DEBUG org.springframework.context.annotation.ClassPathScanningCandidateComponentProvider - Identified candidate component class: file [/home/lucas/IdeaProjects/misHorariosApi/build/classes/java/main/com/slavik/misHorariosApi/MisHorariosApiApplication.class]
12:46:47.958 [Test worker] INFO org.springframework.boot.test.context.SpringBootTestContextBootstrapper - Found @SpringBootConfiguration com.slavik.misHorariosApi.MisHorariosApiApplication for test class com.slavik.misHorariosApi.MisHorariosApiApplicationTests
12:46:48.178 [Test worker] DEBUG org.springframework.boot.test.context.SpringBootTestContextBootstrapper - @TestExecutionListeners is not present for class [com.slavik.misHorariosApi.MisHorariosApiApplicationTests]: using defaults.
12:46:48.180 [Test worker] INFO org.springframework.boot.test.context.SpringBootTestContextBootstrapper - Loaded default TestExecutionListener class names from location [META-INF/spring.factories]: [org.springframework.boot.test.autoconfigure.restdocs.RestDocsTestExecutionListener, org.springframework.boot.test.autoconfigure.web.client.MockRestServiceServerResetTestExecutionListener, org.springframework.boot.test.autoconfigure.web.servlet.MockMvcPrintOnlyOnFailureTestExecutionListener, org.springframework.boot.test.autoconfigure.web.servlet.WebDriverTestExecutionListener, org.springframework.boot.test.autoconfigure.webservices.client.MockWebServiceServerTestExecutionListener, org.springframework.boot.test.mock.mockito.MockitoTestExecutionListener, org.springframework.boot.test.mock.mockito.ResetMocksTestExecutionListener, org.springframework.test.context.web.ServletTestExecutionListener, org.springframework.test.context.support.DirtiesContextBeforeModesTestExecutionListener, org.springframework.test.context.event.ApplicationEventsTestExecutionListener, org.springframework.test.context.support.DependencyInjectionTestExecutionListener, org.springframework.test.context.support.DirtiesContextTestExecutionListener, org.springframework.test.context.transaction.TransactionalTestExecutionListener, org.springframework.test.context.jdbc.SqlScriptsTestExecutionListener, org.springframework.test.context.event.EventPublishingTestExecutionListener]
12:46:48.219 [Test worker] INFO org.springframework.boot.test.context.SpringBootTestContextBootstrapper - Using TestExecutionListeners: [org.springframework.test.context.web.ServletTestExecutionListener@47db5fa5, org.springframework.test.context.support.DirtiesContextBeforeModesTestExecutionListener@354fc8f0, org.springframework.test.context.event.ApplicationEventsTestExecutionListener@41813449, org.springframework.boot.test.mock.mockito.MockitoTestExecutionListener@4678a2eb, org.springframework.boot.test.autoconfigure.SpringBootDependencyInjectionTestExecutionListener@5b43fbf6, org.springframework.test.context.support.DirtiesContextTestExecutionListener@1080b026, org.springframework.test.context.transaction.TransactionalTestExecutionListener@58ebfd03, org.springframework.test.context.jdbc.SqlScriptsTestExecutionListener@5b07730f, org.springframework.test.context.event.EventPublishingTestExecutionListener@1fdfafd2, org.springframework.boot.test.autoconfigure.restdocs.RestDocsTestExecutionListener@a4b2d8f, org.springframework.boot.test.autoconfigure.web.client.MockRestServiceServerResetTestExecutionListener@dcfda20, org.springframework.boot.test.autoconfigure.web.servlet.MockMvcPrintOnlyOnFailureTestExecutionListener@6d304f9d, org.springframework.boot.test.autoconfigure.web.servlet.WebDriverTestExecutionListener@f73dcd6, org.springframework.boot.test.autoconfigure.webservices.client.MockWebServiceServerTestExecutionListener@5c87bfe2, org.springframework.boot.test.mock.mockito.ResetMocksTestExecutionListener@2fea7088]
12:46:48.225 [Test worker] DEBUG org.springframework.test.context.support.AbstractDirtiesContextTestExecutionListener - Before test class: context [DefaultTestContext@666b83a4 testClass = MisHorariosApiApplicationTests, testInstance = [null], testMethod = [null], testException = [null], mergedContextConfiguration = [WebMergedContextConfiguration@749c877b testClass = MisHorariosApiApplicationTests, locations = '{}', classes = '{class com.slavik.misHorariosApi.MisHorariosApiApplication}', contextInitializerClasses = '[]', activeProfiles = '{}', propertySourceLocations = '{}', propertySourceProperties = '{org.springframework.boot.test.context.SpringBootTestContextBootstrapper=true}', contextCustomizers = set[org.springframework.boot.test.autoconfigure.actuate.metrics.MetricsExportContextCustomizerFactory$DisableMetricExportContextCustomizer@6c2ed0cd, org.springframework.boot.test.autoconfigure.properties.PropertyMappingContextCustomizer@0, org.springframework.boot.test.autoconfigure.web.servlet.WebDriverContextCustomizerFactory$Customizer@291f18, org.springframework.boot.test.context.filter.ExcludeFilterContextCustomizer@d771cc9, org.springframework.boot.test.json.DuplicateJsonObjectContextCustomizerFactory$DuplicateJsonObjectContextCustomizer@36cda2c2, org.springframework.boot.test.mock.mockito.MockitoContextCustomizer@0, org.springframework.boot.test.web.client.TestRestTemplateContextCustomizer@38b27cdc, org.springframework.boot.test.context.SpringBootTestArgs@1, org.springframework.boot.test.context.SpringBootTestWebEnvironment@707194ba], resourceBasePath = 'src/main/webapp', contextLoader = 'org.springframework.boot.test.context.SpringBootContextLoader', parent = [null]], attributes = map['org.springframework.test.context.web.ServletTestExecutionListener.activateListener' -> true]], class annotated with @DirtiesContext [false] with mode [null].

  .   ____          _            __ _ _
 /\\ / ___'_ __ _ _(_)_ __  __ _ \ \ \ \
( ( )\___ | '_ | '_| | '_ \/ _` | \ \ \ \
 \\/  ___)| |_)| | | | | || (_| |  ) ) ) )
  '  |____| .__|_| |_|_| |_\__, | / / / /
 =========|_|==============|___/=/_/_/_/
 :: Spring Boot ::                (v2.6.4)

2022-03-07 12:46:49.002  INFO 10431 --- [    Test worker] c.s.m.MisHorariosApiApplicationTests     : Starting MisHorariosApiApplicationTests using Java 11.0.14 on lucas with PID 10431 (started by lucas in /home/lucas/IdeaProjects/misHorariosApi)
2022-03-07 12:46:49.005  INFO 10431 --- [    Test worker] c.s.m.MisHorariosApiApplicationTests     : No active profile set, falling back to 1 default profile: "default"
2022-03-07 12:46:50.447  INFO 10431 --- [    Test worker] .s.d.r.c.RepositoryConfigurationDelegate : Bootstrapping Spring Data JPA repositories in DEFAULT mode.
2022-03-07 12:46:50.518  INFO 10431 --- [    Test worker] .s.d.r.c.RepositoryConfigurationDelegate : Finished Spring Data repository scanning in 59 ms. Found 2 JPA repository interfaces.
2022-03-07 12:46:51.517  INFO 10431 --- [    Test worker] o.hibernate.jpa.internal.util.LogHelper  : HHH000204: Processing PersistenceUnitInfo [name: default]
2022-03-07 12:46:51.621  INFO 10431 --- [    Test worker] org.hibernate.Version                    : HHH000412: Hibernate ORM core version 5.6.5.Final
2022-03-07 12:46:51.972  INFO 10431 --- [    Test worker] o.hibernate.annotations.common.Version   : HCANN000001: Hibernate Commons Annotations {5.1.2.Final}
2022-03-07 12:46:52.172  INFO 10431 --- [    Test worker] com.zaxxer.hikari.HikariDataSource       : HikariPool-1 - Starting...
2022-03-07 12:46:52.182  WARN 10431 --- [    Test worker] com.zaxxer.hikari.util.DriverDataSource  : Registered driver with driverClassName=com.mysql.jdbc.Driver was not found, trying direct instantiation.
2022-03-07 12:46:52.840  INFO 10431 --- [    Test worker] com.zaxxer.hikari.HikariDataSource       : HikariPool-1 - Start completed.
2022-03-07 12:46:52.876  INFO 10431 --- [    Test worker] org.hibernate.dialect.Dialect            : HHH000400: Using dialect: org.hibernate.dialect.MySQL8Dialect
2022-03-07 12:46:53.799  INFO 10431 --- [    Test worker] o.h.e.t.j.p.i.JtaPlatformInitiator       : HHH000490: Using JtaPlatform implementation: [org.hibernate.engine.transaction.jta.platform.internal.NoJtaPlatform]
2022-03-07 12:46:53.809  INFO 10431 --- [    Test worker] j.LocalContainerEntityManagerFactoryBean : Initialized JPA EntityManagerFactory for persistence unit 'default'
2022-03-07 12:46:54.729  WARN 10431 --- [    Test worker] JpaBaseConfiguration$JpaWebConfiguration : spring.jpa.open-in-view is enabled by default. Therefore, database queries may be performed during view rendering. Explicitly configure spring.jpa.open-in-view to disable this warning
2022-03-07 12:46:56.028  INFO 10431 --- [    Test worker] c.s.m.MisHorariosApiApplicationTests     : Started MisHorariosApiApplicationTests in 7.722 seconds (JVM running for 10.721)
]]></system-out>
  <system-err><![CDATA[Loading class `com.mysql.jdbc.Driver'. This is deprecated. The new driver class is `com.mysql.cj.jdbc.Driver'. The driver is automatically registered via the SPI and manual loading of the driver class is generally unnecessary.
]]></system-err>
</testsuite>
